<?xml version="1.0" encoding="UTF-8"?>
<!-- Generated by org.testng.reporters.JUnitReportReporter -->
<testsuite hostname="LAPTOP-7SAHV49I" failures="0" tests="1" name="testCases.TC001_AccountRegistrationTest" time="2.410" errors="0" timestamp="2024-11-21T17:41:32 GMT-06:00" skipped="0">
  <testcase classname="testCases.TC001_AccountRegistrationTest" name="verify_account_registration" time="2.410"/>
</testsuite> <!-- testCases.TC001_AccountRegistrationTest -->
